\BOOKMARK [1][-]{section*.2}{\376\377\144\130\000\040\211\201}{}% 1
\BOOKMARK [1][-]{section*.4}{\376\377\000A\000b\000s\000t\000r\000a\000c\000t}{}% 2
\BOOKMARK [1][-]{section.1}{\376\377\177\026\213\321\174\373\176\337\151\202\217\360}{}% 3
\BOOKMARK [2][-]{subsection.1.1}{\376\377\000P\000L\000/\0000\213\355\212\000\145\207\154\325}{section.1}% 4
\BOOKMARK [2][-]{subsection.1.2}{\376\377\177\026\213\321\174\373\176\337\176\304\142\020}{section.1}% 5
\BOOKMARK [2][-]{subsection.1.3}{\376\377\177\026\213\321\174\373\176\337\116\343\170\001\211\343\147\220}{section.1}% 6
\BOOKMARK [3][-]{subsubsection.1.3.1}{\376\377\116\343\170\001\176\323\147\204}{subsection.1.3}% 7
\BOOKMARK [3][-]{subsubsection.1.3.2}{\376\377\000M\000a\000k\000e\000f\000i\000l\000e}{subsection.1.3}% 8
\BOOKMARK [1][-]{section.2}{\376\377\213\315\154\325\122\006\147\220\126\150}{}% 9
\BOOKMARK [2][-]{subsection.2.1}{\376\377\213\315\154\325\122\006\147\220}{section.2}% 10
\BOOKMARK [3][-]{subsubsection.2.1.1}{\376\377\116\373\122\241\213\364\146\016}{subsection.2.1}% 11
\BOOKMARK [3][-]{subsubsection.2.1.2}{\376\377\122\006\147\220\145\271\154\325}{subsection.2.1}% 12
\BOOKMARK [3][-]{subsubsection.2.1.3}{\376\377\217\320\210\114\155\113\213\325}{subsection.2.1}% 13
\BOOKMARK [2][-]{subsection.2.2}{\376\377\133\214\145\164\116\343\170\001}{section.2}% 14
\BOOKMARK [3][-]{subsubsection.2.2.1}{\376\377\000l\000e\000x\000i\000c\000a\000l\000\137\000a\000n\000a\000l\000y\000z\000e\000r\000.\000h}{subsection.2.2}% 15
\BOOKMARK [3][-]{subsubsection.2.2.2}{\376\377\000l\000e\000x\000i\000c\000a\000l\000\137\000a\000n\000a\000l\000y\000z\000e\000r\000.\000c\000p\000p}{subsection.2.2}% 16
\BOOKMARK [1][-]{section.3}{\376\377\213\355\154\325\122\006\147\220\126\150}{}% 17
\BOOKMARK [2][-]{subsection.3.1}{\376\377\213\355\154\325\122\006\147\220}{section.3}% 18
\BOOKMARK [3][-]{subsubsection.3.1.1}{\376\377\116\373\122\241\213\364\146\016}{subsection.3.1}% 19
\BOOKMARK [3][-]{subsubsection.3.1.2}{\376\377\220\022\137\122\116\013\226\115\133\120\172\013\136\217}{subsection.3.1}% 20
\BOOKMARK [3][-]{subsubsection.3.1.3}{\376\377\165\037\142\020\173\046\123\367\210\150}{subsection.3.1}% 21
\BOOKMARK [3][-]{subsubsection.3.1.4}{\376\377\213\306\122\053\213\355\154\325\225\031\213\357}{subsection.3.1}% 22
\BOOKMARK [3][-]{subsubsection.3.1.5}{\376\377\217\320\210\114\155\113\213\325}{subsection.3.1}% 23
\BOOKMARK [2][-]{subsection.3.2}{\376\377\213\355\154\325\150\021}{section.3}% 24
\BOOKMARK [3][-]{subsubsection.3.2.1}{\376\377\165\073\126\376\145\271\154\325}{subsection.3.2}% 25
\BOOKMARK [3][-]{subsubsection.3.2.2}{\376\377\217\320\210\114\155\113\213\325}{subsection.3.2}% 26
\BOOKMARK [2][-]{subsection.3.3}{\376\377\166\356\150\007\143\007\116\344}{section.3}% 27
\BOOKMARK [3][-]{subsubsection.3.3.1}{\376\377\116\373\122\241\213\364\146\016}{subsection.3.3}% 28
\BOOKMARK [3][-]{subsubsection.3.3.2}{\376\377\177\373\213\321\152\041\137\017}{subsection.3.3}% 29
\BOOKMARK [3][-]{subsubsection.3.3.3}{\376\377\143\007\116\344\165\037\142\020}{subsection.3.3}% 30
\BOOKMARK [3][-]{subsubsection.3.3.4}{\376\377\217\320\210\114\155\113\213\325}{subsection.3.3}% 31
\BOOKMARK [2][-]{subsection.3.4}{\376\377\133\214\145\164\116\343\170\001}{section.3}% 32
\BOOKMARK [3][-]{subsubsection.3.4.1}{\376\377\000s\000y\000n\000t\000a\000x\000\137\000a\000n\000a\000l\000y\000z\000e\000r\000.\000h}{subsection.3.4}% 33
\BOOKMARK [3][-]{subsubsection.3.4.2}{\376\377\000s\000y\000n\000t\000a\000x\000\137\000a\000n\000a\000l\000y\000z\000e\000r\000.\000c\000p\000p}{subsection.3.4}% 34
\BOOKMARK [3][-]{subsubsection.3.4.3}{\376\377\000s\000y\000n\000t\000a\000x\000\137\000t\000r\000e\000e\000.\000p\000y}{subsection.3.4}% 35
\BOOKMARK [1][-]{section.4}{\376\377\166\356\150\007\143\007\116\344\211\343\221\312\126\150}{}% 36
\BOOKMARK [2][-]{subsection.4.1}{\376\377\206\132\142\337\147\072}{section.4}% 37
\BOOKMARK [3][-]{subsubsection.4.1.1}{\376\377\116\373\122\241\213\364\146\016}{subsection.4.1}% 38
\BOOKMARK [3][-]{subsubsection.4.1.2}{\376\377\143\007\116\344\211\343\221\312}{subsection.4.1}% 39
\BOOKMARK [3][-]{subsubsection.4.1.3}{\376\377\217\320\210\114\155\113\213\325}{subsection.4.1}% 40
\BOOKMARK [2][-]{subsection.4.2}{\376\377\133\214\145\164\116\343\170\001}{section.4}% 41
\BOOKMARK [3][-]{subsubsection.4.2.1}{\376\377\000c\000o\000d\000e\000\137\000i\000n\000t\000e\000r\000p\000r\000e\000t\000e\000r\000.\000h}{subsection.4.2}% 42
\BOOKMARK [3][-]{subsubsection.4.2.2}{\376\377\000c\000o\000d\000e\000\137\000i\000n\000t\000e\000r\000p\000r\000e\000t\000e\000r\000.\000c\000p\000p}{subsection.4.2}% 43
\BOOKMARK [1][-]{section.5}{\376\377\201\364\214\042\116\016\134\125\147\033}{}% 44
\BOOKMARK [1][-]{section.6}{\376\377\123\302\200\003\145\207\163\056}{}% 45
